<?xml version="1.0" encoding="UTF-8"?>
<!-- Generated by org.testng.reporters.JUnitXMLReporter -->
<testsuite ignored="0" hostname="VSaiPC" failures="0" tests="5" name="Test" time="32.685" errors="0" timestamp="2025-01-09T00:57:55 IST">
  <testcase classname="testcases.TC001_AccountRegistrationTest" name="verify_Account_registration" time="4.984"/>
  <testcase classname="testcases.TC003_ProductSearch" name="verifyTheProduct" time="1.535"/>
  <testcase classname="testcases.TC002_LoginTest" name="verify_login" time="1.844"/>
  <testcase classname="testcases.TC004_LoginDDT" name="verify_loginDDT" time="2.248"/>
  <testcase classname="testcases.TC004_LoginDDT" name="verify_loginDDT" time="11.474"/>
</testsuite> <!-- Test -->
