<?xml version="1.0" encoding="UTF-8"?>
<testng-results ignored="0" total="1" passed="1" failed="0" skipped="0">
  <reporter-output>
  </reporter-output>
  <suite started-at="2024-12-11T18:56:27 IST" name="Failed suite [Default suite]" finished-at="2024-12-11T18:57:07 IST" duration-ms="39505">
    <groups>
    </groups>
    <test started-at="2024-12-11T18:56:27 IST" name="Default test(failed)" finished-at="2024-12-11T18:57:07 IST" duration-ms="39505">
      <class name="testcases.TC001_AccountRegistrationTest">
        <test-method is-config="true" signature="initialize()[pri:0, instance:testcases.TC001_AccountRegistrationTest@5b202a3a]" started-at="2024-12-11T18:56:27 IST" name="initialize" finished-at="2024-12-11T18:57:02 IST" duration-ms="34402" status="PASS">
          <reporter-output>
          </reporter-output>
        </test-method> <!-- initialize -->
        <test-method signature="verify_Account_registration()[pri:0, instance:testcases.TC001_AccountRegistrationTest@5b202a3a]" started-at="2024-12-11T18:57:02 IST" name="verify_Account_registration" finished-at="2024-12-11T18:57:06 IST" duration-ms="4641" status="PASS">
          <reporter-output>
          </reporter-output>
        </test-method> <!-- verify_Account_registration -->
        <test-method is-config="true" signature="cleanup()[pri:0, instance:testcases.TC001_AccountRegistrationTest@5b202a3a]" started-at="2024-12-11T18:57:06 IST" name="cleanup" finished-at="2024-12-11T18:57:07 IST" duration-ms="423" status="PASS">
          <reporter-output>
          </reporter-output>
        </test-method> <!-- cleanup -->
      </class> <!-- testcases.TC001_AccountRegistrationTest -->
    </test> <!-- Default test(failed) -->
  </suite> <!-- Failed suite [Default suite] -->
</testng-results>
